This is pdfTeX, Version 3.14159265-2.6-1.40.16 (MiKTeX 2.9 64-bit) (preloaded format=pdflatex 2016.2.4)  8 FEB 2016 12:01
entering extended mode
**./InitialReportGP.tex
(InitialReportGP.tex
LaTeX2e <2015/10/01> patch level 2
Babel <3.9n> and hyphenation patterns for 69 languages loaded.
("C:\Program Files (x86)\MiKTeX 2.9\tex\latex\base\article.cls"
Document Class: article 2014/09/29 v1.4h Standard LaTeX document class
("C:\Program Files (x86)\MiKTeX 2.9\tex\latex\base\size11.clo"
File: size11.clo 2014/09/29 v1.4h Standard LaTeX file (size option)
)
\c@part=\count79
\c@section=\count80
\c@subsection=\count81
\c@subsubsection=\count82
\c@paragraph=\count83
\c@subparagraph=\count84
\c@figure=\count85
\c@table=\count86
\abovecaptionskip=\skip41
\belowcaptionskip=\skip42
\bibindent=\dimen102
)
(InitialReportGP.aux)
\openout1 = `InitialReportGP.aux'.

LaTeX Font Info:    Checking defaults for OML/cmm/m/it on input line 7.
LaTeX Font Info:    ... okay on input line 7.
LaTeX Font Info:    Checking defaults for T1/cmr/m/n on input line 7.
LaTeX Font Info:    ... okay on input line 7.
LaTeX Font Info:    Checking defaults for OT1/cmr/m/n on input line 7.
LaTeX Font Info:    ... okay on input line 7.
LaTeX Font Info:    Checking defaults for OMS/cmsy/m/n on input line 7.
LaTeX Font Info:    ... okay on input line 7.
LaTeX Font Info:    Checking defaults for OMX/cmex/m/n on input line 7.
LaTeX Font Info:    ... okay on input line 7.
LaTeX Font Info:    Checking defaults for U/cmr/m/n on input line 7.
LaTeX Font Info:    ... okay on input line 7.
LaTeX Font Info:    External font `cmex10' loaded for size
(Font)              <12> on input line 9.
LaTeX Font Info:    External font `cmex10' loaded for size
(Font)              <8> on input line 9.
LaTeX Font Info:    External font `cmex10' loaded for size
(Font)              <6> on input line 9.
Missing character: There is no â in font cmr10!
Missing character: There is no € in font cmr10!
Missing character: There is no ™ in font cmr10!
Missing character: There is no â in font cmr10!
Missing character: There is no € in font cmr10!
Missing character: There is no ™ in font cmr10!
Missing character: There is no â in font cmr10!
Missing character: There is no € in font cmr10!
Missing character: There is no ™ in font cmr10!
Missing character: There is no â in font cmr10!
Missing character: There is no € in font cmr10!
Missing character: There is no ™ in font cmr10!
LaTeX Font Info:    Try loading font information for OMS+cmr on input line 25.

("C:\Program Files (x86)\MiKTeX 2.9\tex\latex\base\omscmr.fd"
File: omscmr.fd 2014/09/29 v2.5h Standard LaTeX font definitions
)
LaTeX Font Info:    Font shape `OMS/cmr/m/n' in size <10.95> not available
(Font)              Font shape `OMS/cmsy/m/n' tried instead on input line 25.
Missing character: There is no â in font cmr10!
Missing character: There is no € in font cmr10!
Missing character: There is no ™ in font cmr10!
 [1

{C:/Users/igaln/AppData/Local/MiKTeX/2.9/pdftex/config/pdftex.map}]
Missing character: There is no â in font cmr10!
Missing character: There is no € in font cmr10!
Missing character: There is no ™ in font cmr10!
 [2]
LaTeX Font Info:    External font `cmex10' loaded for size
(Font)              <10.95> on input line 73.

Underfull \hbox (badness 10000) in paragraph at lines 75--75
[]\OT1/cmr/m/n/10.95 Iteration2
 []


Underfull \hbox (badness 10000) in paragraph at lines 75--75
[]\OT1/cmr/m/n/10.95 Iteration3
 []


Underfull \hbox (badness 10000) in paragraph at lines 75--75
[]\OT1/cmr/m/n/10.95 Iteration4
 []


Underfull \hbox (badness 10000) in paragraph at lines 78--78
[]\OT1/cmr/m/n/10.95 Map-
 []


Underfull \hbox (badness 10000) in paragraph at lines 78--78
[]\OT1/cmr/m/n/10.95 Final
 []


Underfull \hbox (badness 10000) in paragraph at lines 80--80
[]\OT1/cmr/m/n/10.95 Map-Multiple
 []


Underfull \hbox (badness 10000) in paragraph at lines 80--80
[]\OT1/cmr/m/n/10.95 Final Bug
 []


Underfull \hbox (badness 10000) in paragraph at lines 82--82
[]\OT1/cmr/m/n/10.95 Component
 []


Underfull \hbox (badness 10000) in paragraph at lines 82--82
[]\OT1/cmr/m/n/10.95 Vehicle-
 []


Underfull \hbox (badness 10000) in paragraph at lines 82--82
\OT1/cmr/m/n/10.95 Driver's
 []


Underfull \hbox (badness 10000) in paragraph at lines 82--82
[]\OT1/cmr/m/n/10.95 Policy-
 []


Overfull \hbox (4.66652pt too wide) in paragraph at lines 82--82
\OT1/cmr/m/n/10.95 VariableControl| 
 []


Underfull \hbox (badness 10000) in paragraph at lines 82--82
[]\OT1/cmr/m/n/10.95 Final
 []


Underfull \hbox (badness 10000) in paragraph at lines 84--84
[]\OT1/cmr/m/n/10.95 Vehicle-
 []


Underfull \hbox (badness 10000) in paragraph at lines 84--84
[]\OT1/cmr/m/n/10.95 GUI- con-sol-
 []


Underfull \hbox (badness 10000) in paragraph at lines 84--84
\OT1/cmr/m/n/10.95 i-dated added
 []


Underfull \hbox (badness 10000) in paragraph at lines 84--84
\OT1/cmr/m/n/10.95 ve-hi-cles/maps
 []


Underfull \hbox (badness 10000) in paragraph at lines 86--86
[]\OT1/cmr/m/n/10.95 Map-Network
 []


Underfull \hbox (badness 10000) in paragraph at lines 86--86
[]\OT1/cmr/m/n/10.95 GUI-
 []


Underfull \hbox (badness 10000) in paragraph at lines 88--88
[]\OT1/cmr/m/n/10.95 GUI-
 []


Underfull \hbox (badness 10000) in paragraph at lines 88--88
\OT1/cmr/m/n/10.95 Consolidated
 []


Underfull \hbox (badness 1314) in paragraph at lines 90--90
[]\OT1/cmr/m/n/10.95 Data log and
 []


Underfull \hbox (badness 3780) in paragraph at lines 91--91
[]\OT1/cmr/m/n/10.95 GUI-Multiple Ve-hi-
 []


Overfull \hbox (69.88579pt too wide) in paragraph at lines 73--103
 [][] 
 []

Missing character: There is no â in font cmr10!
Missing character: There is no € in font cmr10!
Missing character: There is no ™ in font cmr10!
[3] [4] [5] [6] [7] (InitialReportGP.aux) ) 
Here is how much of TeX's memory you used:
 254 strings out of 493634
 2911 string characters out of 3141315
 65604 words of memory out of 3000000
 3711 multiletter control sequences out of 15000+200000
 8811 words of font info for 31 fonts, out of 3000000 for 9000
 1025 hyphenation exceptions out of 8191
 21i,9n,19p,634b,213s stack positions out of 5000i,500n,10000p,200000b,50000s
<C:/Program Files (x86)/MiKTeX 2.9/f
onts/type1/public/amsfonts/cm/cmbx10.pfb><C:/Program Files (x86)/MiKTeX 2.9/fon
ts/type1/public/amsfonts/cm/cmbx12.pfb><C:/Program Files (x86)/MiKTeX 2.9/fonts
/type1/public/amsfonts/cm/cmr10.pfb><C:/Program Files (x86)/MiKTeX 2.9/fonts/ty
pe1/public/amsfonts/cm/cmr12.pfb><C:/Program Files (x86)/MiKTeX 2.9/fonts/type1
/public/amsfonts/cm/cmr17.pfb><C:/Program Files (x86)/MiKTeX 2.9/fonts/type1/pu
blic/amsfonts/cm/cmsy10.pfb>
Output written on InitialReportGP.pdf (7 pages, 96711 bytes).
PDF statistics:
 50 PDF objects out of 1000 (max. 8388607)
 0 named destinations out of 1000 (max. 500000)
 1 words of extra memory for PDF output out of 10000 (max. 10000000)

