This is pdfTeX, Version 3.14159265-2.6-1.40.16 (TeX Live 2015) (preloaded format=pdflatex 2015.10.3)  4 FEB 2016 14:45
entering extended mode
 restricted \write18 enabled.
 file:line:error style messages enabled.
 %&-line parsing enabled.
**InitialReportGP.tex
(./InitialReportGP.tex
LaTeX2e <2015/01/01>
Babel <3.9l> and hyphenation patterns for 79 languages loaded.
(/usr/local/texlive/2015/texmf-dist/tex/latex/base/article.cls
Document Class: article 2014/09/29 v1.4h Standard LaTeX document class
(/usr/local/texlive/2015/texmf-dist/tex/latex/base/size11.clo
File: size11.clo 2014/09/29 v1.4h Standard LaTeX file (size option)
)
\c@part=\count79
\c@section=\count80
\c@subsection=\count81
\c@subsubsection=\count82
\c@paragraph=\count83
\c@subparagraph=\count84
\c@figure=\count85
\c@table=\count86
\abovecaptionskip=\skip41
\belowcaptionskip=\skip42
\bibindent=\dimen102
) (/Users/retnolarasati/GitHub/Traffic/.texpadtmp/InitialReportGP.aux)
\openout1 = `InitialReportGP.aux'.

LaTeX Font Info:    Checking defaults for OML/cmm/m/it on input line 9.
LaTeX Font Info:    ... okay on input line 9.
LaTeX Font Info:    Checking defaults for T1/cmr/m/n on input line 9.
LaTeX Font Info:    ... okay on input line 9.
LaTeX Font Info:    Checking defaults for OT1/cmr/m/n on input line 9.
LaTeX Font Info:    ... okay on input line 9.
LaTeX Font Info:    Checking defaults for OMS/cmsy/m/n on input line 9.
LaTeX Font Info:    ... okay on input line 9.
LaTeX Font Info:    Checking defaults for OMX/cmex/m/n on input line 9.
LaTeX Font Info:    ... okay on input line 9.
LaTeX Font Info:    Checking defaults for U/cmr/m/n on input line 9.
LaTeX Font Info:    ... okay on input line 9.
LaTeX Font Info:    External font `cmex10' loaded for size
(Font)              <12> on input line 12.
LaTeX Font Info:    External font `cmex10' loaded for size
(Font)              <8> on input line 12.
LaTeX Font Info:    External font `cmex10' loaded for size
(Font)              <6> on input line 12.
Missing character: There is no â in font cmr10!
Missing character: There is no € in font cmr10!
Missing character: There is no ™ in font cmr10!
Missing character: There is no â in font cmr10!
Missing character: There is no € in font cmr10!
Missing character: There is no ™ in font cmr10!
Missing character: There is no â in font cmr10!
Missing character: There is no € in font cmr10!
Missing character: There is no ™ in font cmr10!
Missing character: There is no â in font cmr10!
Missing character: There is no € in font cmr10!
Missing character: There is no ™ in font cmr10!
LaTeX Font Info:    Try loading font information for OMS+cmr on input line 30.
 (/usr/local/texlive/2015/texmf-dist/tex/latex/base/omscmr.fd
File: omscmr.fd 2014/09/29 v2.5h Standard LaTeX font definitions
)
LaTeX Font Info:    Font shape `OMS/cmr/m/n' in size <10.95> not available
(Font)              Font shape `OMS/cmsy/m/n' tried instead on input line 30.
Missing character: There is no â in font cmr10!
Missing character: There is no € in font cmr10!
Missing character: There is no ™ in font cmr10!
 [1

{/usr/local/texlive/2015/texmf-var/fonts/map/pdftex/updmap/pdftex.map}]
Missing character: There is no â in font cmr10!
Missing character: There is no € in font cmr10!
Missing character: There is no ™ in font cmr10!
 [2]
LaTeX Font Info:    External font `cmex10' loaded for size
(Font)              <10.95> on input line 79.

Underfull \hbox (badness 10000) in paragraph at lines 81--81
[]\OT1/cmr/m/n/10.95 Iteration2
 []


Underfull \hbox (badness 10000) in paragraph at lines 81--81
[]\OT1/cmr/m/n/10.95 Iteration3
 []


Underfull \hbox (badness 10000) in paragraph at lines 81--81
[]\OT1/cmr/m/n/10.95 Iteration4
 []


Underfull \hbox (badness 10000) in paragraph at lines 84--84
[]\OT1/cmr/m/n/10.95 FT5:Map-
 []


Underfull \hbox (badness 10000) in paragraph at lines 84--84
[]\OT1/cmr/m/n/10.95 FT7-2:Map-
 []


Underfull \hbox (badness 10000) in paragraph at lines 84--84
[]\OT1/cmr/m/n/10.95 Final
 []


Underfull \hbox (badness 10000) in paragraph at lines 86--86
[]\OT1/cmr/m/n/10.95 FT7-1:Map-
 []


Underfull \hbox (badness 10000) in paragraph at lines 86--86
\OT1/cmr/m/n/10.95 Multiple
 []


Underfull \hbox (badness 10000) in paragraph at lines 86--86
[]\OT1/cmr/m/n/10.95 FT-10:Vehicle-
 []


Underfull \hbox (badness 10000) in paragraph at lines 86--86
[]\OT1/cmr/m/n/10.95 Final Bug
 []


Underfull \hbox (badness 10000) in paragraph at lines 88--88
[]\OT1/cmr/m/n/10.95 Component
 []


Underfull \hbox (badness 10000) in paragraph at lines 88--88
\OT1/cmr/m/n/10.95 De-tailed De-
 []


Underfull \hbox (badness 10000) in paragraph at lines 88--88
[]\OT1/cmr/m/n/10.95 FT14:Vehicle-
 []


Underfull \hbox (badness 10000) in paragraph at lines 88--88
\OT1/cmr/m/n/10.95 Driver's Be-
 []


Underfull \hbox (badness 10000) in paragraph at lines 88--88
[]\OT1/cmr/m/n/10.95 FT17:Policy-
 []


Overfull \hbox (4.66652pt too wide) in paragraph at lines 88--88
\OT1/cmr/m/n/10.95 VariableControl| 
 []


Underfull \hbox (badness 10000) in paragraph at lines 88--88
[]\OT1/cmr/m/n/10.95 Final
 []


Underfull \hbox (badness 10000) in paragraph at lines 90--90
[]\OT1/cmr/m/n/10.95 FT15:Vehicle-
 []


Underfull \hbox (badness 10000) in paragraph at lines 90--90
[]\OT1/cmr/m/n/10.95 FT22-2:GUI-
 []


Underfull \hbox (badness 10000) in paragraph at lines 90--90
\OT1/cmr/m/n/10.95 Con-sol-i-dated
 []


Underfull \hbox (badness 10000) in paragraph at lines 92--92
[]\OT1/cmr/m/n/10.95 FT6:Map-Network
 []


Underfull \hbox (badness 10000) in paragraph at lines 92--92
[]\OT1/cmr/m/n/10.95 FT20:GUI-
 []


Underfull \hbox (badness 10000) in paragraph at lines 92--92
[]\OT1/cmr/m/n/10.95 FT23-
 []


Underfull \hbox (badness 10000) in paragraph at lines 92--92
\OT1/cmr/m/n/10.95 2:Optimal
 []


Underfull \hbox (badness 10000) in paragraph at lines 92--92
\OT1/cmr/m/n/10.95 Sim-u-la-tion
 []


Underfull \hbox (badness 10000) in paragraph at lines 94--94
[]\OT1/cmr/m/n/10.95 FT21:GUI-
 []


Underfull \hbox (badness 10000) in paragraph at lines 94--94
\OT1/cmr/m/n/10.95 Consolidated
 []


Underfull \hbox (badness 10000) in paragraph at lines 96--96
[]\OT1/cmr/m/n/10.95 FT19:GUI-Junctions
 []


Underfull \hbox (badness 10000) in paragraph at lines 100--100
[]\OT1/cmr/m/n/10.95 FT12:Vehicle-Acc
 []


Underfull \hbox (badness 10000) in paragraph at lines 101--101
[]\OT1/cmr/m/n/10.95 FT11:Vehicle-Traffic
 []


Underfull \hbox (badness 10000) in paragraph at lines 102--102
[]\OT1/cmr/m/n/10.95 FT13:Vehicle-Change
 []


Underfull \hbox (badness 10000) in paragraph at lines 103--103
[]\OT1/cmr/m/n/10.95 FT23:Simulation En-
 []


Underfull \hbox (badness 10000) in paragraph at lines 104--104
[]\OT1/cmr/m/n/10.95 FT16:Policy-Fixed
 []


Overfull \hbox (84.11217pt too wide) in paragraph at lines 79--111
 [][] 
 []


LaTeX Warning: `h' float specifier changed to `ht'.

[3] [4] [5] (/Users/retnolarasati/GitHub/Traffic/.texpadtmp/InitialReportGP.aux) ) 
Here is how much of TeX's memory you used:
 254 strings out of 493089
 3278 string characters out of 6134842
 66199 words of memory out of 5000000
 3810 multiletter control sequences out of 15000+600000
 8811 words of font info for 31 fonts, out of 8000000 for 9000
 1141 hyphenation exceptions out of 8191
 21i,9n,19p,678b,213s stack positions out of 5000i,500n,10000p,200000b,80000s
</usr/local/texlive/2015/texmf-dist/fonts/type1/public/amsfonts/cm/cmbx10.pfb></usr/local/texlive/2015/texmf-dist/fonts/type1/public/amsfonts/cm/cmbx12.pfb></usr/local/texlive/2015/texmf-dist/fonts/type1/public/amsfonts/cm/cmr10.pfb></usr/local/texlive/2015/texmf-dist/fonts/type1/public/amsfonts/cm/cmr12.pfb></usr/local/texlive/2015/texmf-dist/fonts/type1/public/amsfonts/cm/cmr17.pfb></usr/local/texlive/2015/texmf-dist/fonts/type1/public/amsfonts/cm/cmsy10.pfb>
Output written on /Users/retnolarasati/GitHub/Traffic/.texpadtmp/InitialReportGP.pdf (5 pages, 87836 bytes).
PDF statistics:
 44 PDF objects out of 1000 (max. 8388607)
 30 compressed objects within 1 object stream
 0 named destinations out of 1000 (max. 500000)
 1 words of extra memory for PDF output out of 10000 (max. 10000000)

